<?xml version="1.0" encoding="UTF-8"?>
<!-- Generated by org.testng.reporters.JUnitReportReporter -->
<testsuite hostname="ITMTNR0AKF7H" failures="0" tests="1" name="testaffectation.TestLogin" time="13.452" errors="0" timestamp="2023-09-15T10:16:00 CEST" skipped="0">
  <testcase classname="testaffectation.TestLogin" name="testLogin" time="13.452"/>
  <system-out/>
</testsuite> <!-- testaffectation.TestLogin -->
