<?xml version="1.0" encoding="UTF-8"?>
<!-- Generated by org.testng.reporters.JUnitReportReporter -->
<testsuite hostname="ITMTNR0AKF7H" failures="0" tests="1" name="testaffectation.TestLogin" time="3.904" errors="0" timestamp="2023-10-08T01:48:43 CEST" skipped="0">
  <testcase classname="testaffectation.TestLogin" name="testLogin" time="3.904"/>
  <system-out/>
</testsuite> <!-- testaffectation.TestLogin -->
